<?xml version="1.0" encoding="UTF-8"?>
<!-- Generated by org.testng.reporters.JUnitReportReporter -->
<testsuite hostname="LAPTOP-N1BRCSIO" failures="0" tests="1" name="cucumberOptions.TestNGRunner" time="0.046" errors="0" timestamp="2024-03-12T23:08:43 IST" skipped="0">
  <testcase classname="cucumberOptions.TestNGRunner" name="runScenario" time="0.046"/>
</testsuite> <!-- cucumberOptions.TestNGRunner -->
